{"C:\\Users\\Edips\\Desktop\\unit-test2\\src\\sortHeroes.js": {"path":"C:\\Users\\Edips\\Desktop\\unit-test2\\src\\sortHeroes.js","statementMap":{"0":{"start":{"line":2,"column":2},"end":{"line":2,"column":54}},"1":{"start":{"line":2,"column":33},"end":{"line":2,"column":52}}},"fnMap":{"0":{"name":"sortHeroes","decl":{"start":{"line":1,"column":16},"end":{"line":1,"column":26}},"loc":{"start":{"line":1,"column":32},"end":{"line":3,"column":1}},"line":1},"1":{"name":"(anonymous_1)","decl":{"start":{"line":2,"column":23},"end":{"line":2,"column":24}},"loc":{"start":{"line":2,"column":33},"end":{"line":2,"column":52}},"line":2}},"branchMap":{},"s":{"0":1,"1":4},"f":{"0":1,"1":4},"b":{},"_coverageSchema":"1a1c01bbd47fc00a2c39e90264f33305004495a9","hash":"a4dbf30c493fc8f554d844a0a301ca620ea55a64"}
}
